[0.008s] Invoking command in '/home/aneena/dev_ws/build/my_bot': CMAKE_PREFIX_PATH=${CMAKE_PREFIX_PATH}:/opt/ros/humble /usr/bin/cmake /home/aneena/dev_ws -DAMENT_CMAKE_SYMLINK_INSTALL=1 -DCMAKE_INSTALL_PREFIX=/home/aneena/dev_ws/install/my_bot
[0.102s] -- The C compiler identification is GNU 11.4.0
[0.163s] -- The CXX compiler identification is GNU 11.4.0
[0.170s] -- Detecting C compiler ABI info
[0.250s] -- Detecting C compiler ABI info - done
[0.257s] -- Check for working C compiler: /usr/bin/cc - skipped
[0.258s] -- Detecting C compile features
[0.259s] -- Detecting C compile features - done
[0.263s] -- Detecting CXX compiler ABI info
[0.322s] -- Detecting CXX compiler ABI info - done
[0.327s] -- Check for working CXX compiler: /usr/bin/c++ - skipped
[0.327s] -- Detecting CXX compile features
[0.327s] -- Detecting CXX compile features - done
[0.331s] -- Found ament_cmake: 1.3.10 (/opt/ros/humble/share/ament_cmake/cmake)
[0.426s] -- Found Python3: /usr/bin/python3 (found version "3.10.12") found components: Interpreter 
[0.479s] -- Override CMake install command with custom implementation using symlinks instead of copying resources
[0.504s] -- Found ament_lint_auto: 0.12.11 (/opt/ros/humble/share/ament_lint_auto/cmake)
[0.562s] -- Added test 'copyright' to check source files copyright and LICENSE
[0.565s] -- Added test 'cppcheck' to perform static code analysis on C / C++ code
[0.565s] -- Configured cppcheck include dirs: 
[0.565s] -- Configured cppcheck exclude dirs and/or files: 
[0.568s] -- Added test 'cpplint' to check C / C++ code against the Google style
[0.568s] -- Configured cpplint exclude dirs and/or files: 
[0.569s] -- Added test 'flake8' to check Python code syntax and style conventions
[0.570s] -- Added test 'lint_cmake' to check CMake code style
[0.571s] -- Added test 'pep257' to check Python code against some of the docstring style conventions in PEP 257
[0.574s] -- Added test 'uncrustify' to check C / C++ code style
[0.574s] -- Configured uncrustify additional arguments: 
[0.575s] -- Added test 'xmllint' to check XML markup files
[0.576s] -- Configuring done
[0.578s] -- Generating done
[0.578s] -- Build files have been written to: /home/aneena/dev_ws/build/my_bot
[0.582s] Invoked command in '/home/aneena/dev_ws/build/my_bot' returned '0': CMAKE_PREFIX_PATH=${CMAKE_PREFIX_PATH}:/opt/ros/humble /usr/bin/cmake /home/aneena/dev_ws -DAMENT_CMAKE_SYMLINK_INSTALL=1 -DCMAKE_INSTALL_PREFIX=/home/aneena/dev_ws/install/my_bot
[0.582s] Invoking command in '/home/aneena/dev_ws/build/my_bot': CMAKE_PREFIX_PATH=${CMAKE_PREFIX_PATH}:/opt/ros/humble /usr/bin/cmake --build /home/aneena/dev_ws/build/my_bot -- -j12 -l12
[0.606s] Invoked command in '/home/aneena/dev_ws/build/my_bot' returned '0': CMAKE_PREFIX_PATH=${CMAKE_PREFIX_PATH}:/opt/ros/humble /usr/bin/cmake --build /home/aneena/dev_ws/build/my_bot -- -j12 -l12
[0.625s] Invoking command in '/home/aneena/dev_ws/build/my_bot': CMAKE_PREFIX_PATH=${CMAKE_PREFIX_PATH}:/opt/ros/humble /usr/bin/cmake --install /home/aneena/dev_ws/build/my_bot
[0.630s] -- Install configuration: ""
[0.630s] -- Execute custom install script
[0.630s] -- Symlinking: /home/aneena/dev_ws/install/my_bot/share/my_bot/config/empty.yaml
[0.638s] -- Symlinking: /home/aneena/dev_ws/install/my_bot/share/my_bot/config/my_controllers.yaml
[0.644s] -- Symlinking: /home/aneena/dev_ws/install/my_bot/share/my_bot/config/teleop_joy.yaml
[0.649s] -- Symlinking: /home/aneena/dev_ws/install/my_bot/share/my_bot/config/view_bot.rviz
[0.655s] -- Symlinking: /home/aneena/dev_ws/install/my_bot/share/my_bot/description/gazebo_control.xacro
[0.660s] -- Symlinking: /home/aneena/dev_ws/install/my_bot/share/my_bot/description/inertial_macros.xacro
[0.666s] -- Symlinking: /home/aneena/dev_ws/install/my_bot/share/my_bot/description/lidar.xacro
[0.671s] -- Symlinking: /home/aneena/dev_ws/install/my_bot/share/my_bot/description/robot.urdf.xacro
[0.676s] -- Symlinking: /home/aneena/dev_ws/install/my_bot/share/my_bot/description/robot_core.xacro
[0.682s] -- Symlinking: /home/aneena/dev_ws/install/my_bot/share/my_bot/description/ros2_control.xacro
[0.687s] -- Symlinking: /home/aneena/dev_ws/install/my_bot/share/my_bot/launch/launch_sim.launch.py
[0.693s] -- Symlinking: /home/aneena/dev_ws/install/my_bot/share/my_bot/launch/rplidar.launch.py
[0.698s] -- Symlinking: /home/aneena/dev_ws/install/my_bot/share/my_bot/launch/rsp.launch.py
[0.704s] -- Symlinking: /home/aneena/dev_ws/install/my_bot/share/my_bot/worlds/empty.world
[0.711s] -- Symlinking: /home/aneena/dev_ws/install/my_bot/share/my_bot/worlds/obstacles.world
[0.717s] -- Symlinking: /home/aneena/dev_ws/install/my_bot/share/ament_index/resource_index/package_run_dependencies/my_bot
[0.722s] -- Symlinking: /home/aneena/dev_ws/install/my_bot/share/ament_index/resource_index/parent_prefix_path/my_bot
[0.728s] -- Symlinking: /home/aneena/dev_ws/install/my_bot/share/my_bot/environment/ament_prefix_path.sh
[0.734s] -- Symlinking: /home/aneena/dev_ws/install/my_bot/share/my_bot/environment/ament_prefix_path.dsv
[0.740s] -- Symlinking: /home/aneena/dev_ws/install/my_bot/share/my_bot/environment/path.sh
[0.746s] -- Symlinking: /home/aneena/dev_ws/install/my_bot/share/my_bot/environment/path.dsv
[0.752s] -- Symlinking: /home/aneena/dev_ws/install/my_bot/share/my_bot/local_setup.bash
[0.757s] -- Symlinking: /home/aneena/dev_ws/install/my_bot/share/my_bot/local_setup.sh
[0.763s] -- Symlinking: /home/aneena/dev_ws/install/my_bot/share/my_bot/local_setup.zsh
[0.768s] -- Symlinking: /home/aneena/dev_ws/install/my_bot/share/my_bot/local_setup.dsv
[0.774s] -- Symlinking: /home/aneena/dev_ws/install/my_bot/share/my_bot/package.dsv
[0.780s] -- Symlinking: /home/aneena/dev_ws/install/my_bot/share/ament_index/resource_index/packages/my_bot
[0.785s] -- Symlinking: /home/aneena/dev_ws/install/my_bot/share/my_bot/cmake/my_botConfig.cmake
[0.791s] -- Symlinking: /home/aneena/dev_ws/install/my_bot/share/my_bot/cmake/my_botConfig-version.cmake
[0.798s] -- Symlinking: /home/aneena/dev_ws/install/my_bot/share/my_bot/package.xml
[0.805s] Invoked command in '/home/aneena/dev_ws/build/my_bot' returned '0': CMAKE_PREFIX_PATH=${CMAKE_PREFIX_PATH}:/opt/ros/humble /usr/bin/cmake --install /home/aneena/dev_ws/build/my_bot
