[0.013s] Invoking command in '/home/aneena/dev_ws/build/my_bot': CMAKE_PREFIX_PATH=${CMAKE_PREFIX_PATH}:/opt/ros/humble /usr/bin/cmake --build /home/aneena/dev_ws/build/my_bot -- -j12 -l12
[0.073s] Invoked command in '/home/aneena/dev_ws/build/my_bot' returned '0': CMAKE_PREFIX_PATH=${CMAKE_PREFIX_PATH}:/opt/ros/humble /usr/bin/cmake --build /home/aneena/dev_ws/build/my_bot -- -j12 -l12
[0.104s] Invoking command in '/home/aneena/dev_ws/build/my_bot': CMAKE_PREFIX_PATH=${CMAKE_PREFIX_PATH}:/opt/ros/humble /usr/bin/cmake --install /home/aneena/dev_ws/build/my_bot
[0.111s] -- Install configuration: ""
[0.112s] -- Execute custom install script
[0.112s] -- Up-to-date symlink: /home/aneena/dev_ws/install/my_bot/share/my_bot/config/empty.yaml
[0.112s] -- Up-to-date symlink: /home/aneena/dev_ws/install/my_bot/share/my_bot/config/gazebo_params.yaml
[0.113s] -- Symlinking: /home/aneena/dev_ws/install/my_bot/share/my_bot/config/mapper_params_online_async.yaml
[0.123s] -- Up-to-date symlink: /home/aneena/dev_ws/install/my_bot/share/my_bot/config/my_controllers.yaml
[0.123s] -- Up-to-date symlink: /home/aneena/dev_ws/install/my_bot/share/my_bot/config/teleop_joy.yaml
[0.123s] -- Up-to-date symlink: /home/aneena/dev_ws/install/my_bot/share/my_bot/config/view_bot.rviz
[0.123s] -- Up-to-date symlink: /home/aneena/dev_ws/install/my_bot/share/my_bot/description/gazebo_control.xacro
[0.123s] -- Up-to-date symlink: /home/aneena/dev_ws/install/my_bot/share/my_bot/description/inertial_macros.xacro
[0.123s] -- Up-to-date symlink: /home/aneena/dev_ws/install/my_bot/share/my_bot/description/lidar.xacro
[0.124s] -- Up-to-date symlink: /home/aneena/dev_ws/install/my_bot/share/my_bot/description/robot.urdf.xacro
[0.124s] -- Up-to-date symlink: /home/aneena/dev_ws/install/my_bot/share/my_bot/description/robot_core.xacro
[0.124s] -- Up-to-date symlink: /home/aneena/dev_ws/install/my_bot/share/my_bot/description/ros2_control.xacro
[0.124s] -- Up-to-date symlink: /home/aneena/dev_ws/install/my_bot/share/my_bot/launch/launch_sim.launch.py
[0.124s] -- Up-to-date symlink: /home/aneena/dev_ws/install/my_bot/share/my_bot/launch/rplidar.launch.py
[0.124s] -- Up-to-date symlink: /home/aneena/dev_ws/install/my_bot/share/my_bot/launch/rsp.launch.py
[0.124s] -- Up-to-date symlink: /home/aneena/dev_ws/install/my_bot/share/my_bot/worlds/empty.world
[0.124s] -- Up-to-date symlink: /home/aneena/dev_ws/install/my_bot/share/my_bot/worlds/obstacles.world
[0.124s] -- Up-to-date symlink: /home/aneena/dev_ws/install/my_bot/share/ament_index/resource_index/package_run_dependencies/my_bot
[0.125s] -- Up-to-date symlink: /home/aneena/dev_ws/install/my_bot/share/ament_index/resource_index/parent_prefix_path/my_bot
[0.125s] -- Up-to-date symlink: /home/aneena/dev_ws/install/my_bot/share/my_bot/environment/ament_prefix_path.sh
[0.125s] -- Up-to-date symlink: /home/aneena/dev_ws/install/my_bot/share/my_bot/environment/ament_prefix_path.dsv
[0.125s] -- Up-to-date symlink: /home/aneena/dev_ws/install/my_bot/share/my_bot/environment/path.sh
[0.125s] -- Up-to-date symlink: /home/aneena/dev_ws/install/my_bot/share/my_bot/environment/path.dsv
[0.126s] -- Up-to-date symlink: /home/aneena/dev_ws/install/my_bot/share/my_bot/local_setup.bash
[0.126s] -- Up-to-date symlink: /home/aneena/dev_ws/install/my_bot/share/my_bot/local_setup.sh
[0.126s] -- Up-to-date symlink: /home/aneena/dev_ws/install/my_bot/share/my_bot/local_setup.zsh
[0.126s] -- Up-to-date symlink: /home/aneena/dev_ws/install/my_bot/share/my_bot/local_setup.dsv
[0.126s] -- Symlinking: /home/aneena/dev_ws/install/my_bot/share/my_bot/package.dsv
[0.136s] -- Up-to-date symlink: /home/aneena/dev_ws/install/my_bot/share/ament_index/resource_index/packages/my_bot
[0.137s] -- Up-to-date symlink: /home/aneena/dev_ws/install/my_bot/share/my_bot/cmake/my_botConfig.cmake
[0.137s] -- Up-to-date symlink: /home/aneena/dev_ws/install/my_bot/share/my_bot/cmake/my_botConfig-version.cmake
[0.137s] -- Up-to-date symlink: /home/aneena/dev_ws/install/my_bot/share/my_bot/package.xml
[0.139s] Invoked command in '/home/aneena/dev_ws/build/my_bot' returned '0': CMAKE_PREFIX_PATH=${CMAKE_PREFIX_PATH}:/opt/ros/humble /usr/bin/cmake --install /home/aneena/dev_ws/build/my_bot
